# JRE version: OpenJDK Runtime Environment (21.0.6) (build 21.0.6+-13391695-b895.109)
# Java VM: OpenJDK 64-Bit Server VM (21.0.6+-13391695-b895.109, mixed mode, tiered, compressed oops, compressed class ptrs, g1 gc, windows-amd64)
GC Precious Log:
 CardTable entry size: 512
 Card Set container configuration: InlinePtr #cards 5 size 8 Array Of Cards #cards 12 size 40 Howl #buckets 4 coarsen threshold 1843 Howl Bitmap #cards 512 size 80 coarsen threshold 460 Card regions per heap region 1 cards per card region 2048
 CPUs: 8 total, 8 available
 Memory: 7502M
 Large Page Support: Disabled
 NUMA Support: Disabled
 Compressed Oops: Enabled (32-bit)
 Heap Region Size: 1M
 Heap Min Capacity: 8M
 Heap Initial Capacity: 118M
 Heap Max Capacity: 2G
 Pre-touch: Disabled
 Parallel Workers: 8
 Concurrent Workers: 2
 Concurrent Refinement Workers: 8
 Periodic GC: Disabled
Heap:
 garbage-first heap   total 266240K, used 161072K [0x0000000080000000, 0x0000000100000000)
  region size 1024K, 16 young (16384K), 13 survivors (13312K)
 Metaspace       used 140472K, committed 142848K, reserved 1179648K
  class space    used 18131K, committed 19328K, reserved 1048576K
GC Heap History (20 events):
Event: 15.810 GC heap before
{Heap before GC invocations=28 (full 0):
 garbage-first heap   total 163840K, used 149728K [0x0000000080000000, 0x0000000100000000)
  region size 1024K, 51 young (52224K), 5 survivors (5120K)
 Metaspace       used 71813K, committed 73600K, reserved 1114112K
  class space    used 9681K, committed 10560K, reserved 1048576K
}
Event: 15.817 GC heap after
{Heap after GC invocations=29 (full 0):
 garbage-first heap   total 163840K, used 104612K [0x0000000080000000, 0x0000000100000000)
  region size 1024K, 5 young (5120K), 5 survivors (5120K)
 Metaspace       used 71813K, committed 73600K, reserved 1114112K
  class space    used 9681K, committed 10560K, reserved 1048576K
}
Event: 17.087 GC heap before
{Heap before GC invocations=30 (full 0):
 garbage-first heap   total 176128K, used 147620K [0x0000000080000000, 0x0000000100000000)
  region size 1024K, 47 young (48128K), 5 survivors (5120K)
 Metaspace       used 76854K, committed 78656K, reserved 1179648K
  class space    used 10460K, committed 11328K, reserved 1048576K
}
Event: 17.098 GC heap after
{Heap after GC invocations=31 (full 0):
 garbage-first heap   total 176128K, used 107549K [0x0000000080000000, 0x0000000100000000)
  region size 1024K, 6 young (6144K), 6 survivors (6144K)
 Metaspace       used 76854K, committed 78656K, reserved 1179648K
  class space    used 10460K, committed 11328K, reserved 1048576K
}
Event: 18.467 GC heap before
{Heap before GC invocations=31 (full 0):
 garbage-first heap   total 176128K, used 158749K [0x0000000080000000, 0x0000000100000000)
  region size 1024K, 56 young (57344K), 6 survivors (6144K)
 Metaspace       used 84809K, committed 86656K, reserved 1179648K
  class space    used 11968K, committed 12864K, reserved 1048576K
}
Event: 18.479 GC heap after
{Heap after GC invocations=32 (full 0):
 garbage-first heap   total 176128K, used 108523K [0x0000000080000000, 0x0000000100000000)
  region size 1024K, 5 young (5120K), 5 survivors (5120K)
 Metaspace       used 84809K, committed 86656K, reserved 1179648K
  class space    used 11968K, committed 12864K, reserved 1048576K
}
Event: 19.790 GC heap before
{Heap before GC invocations=32 (full 0):
 garbage-first heap   total 176128K, used 159723K [0x0000000080000000, 0x0000000100000000)
  region size 1024K, 55 young (56320K), 5 survivors (5120K)
 Metaspace       used 92106K, committed 94080K, reserved 1179648K
  class space    used 12861K, committed 13824K, reserved 1048576K
}
Event: 19.799 GC heap after
{Heap after GC invocations=33 (full 0):
 garbage-first heap   total 176128K, used 110846K [0x0000000080000000, 0x0000000100000000)
  region size 1024K, 4 young (4096K), 4 survivors (4096K)
 Metaspace       used 92106K, committed 94080K, reserved 1179648K
  class space    used 12861K, committed 13824K, reserved 1048576K
}
Event: 20.529 GC heap before
{Heap before GC invocations=34 (full 0):
 garbage-first heap   total 186368K, used 169214K [0x0000000080000000, 0x0000000100000000)
  region size 1024K, 53 young (54272K), 4 survivors (4096K)
 Metaspace       used 94898K, committed 96960K, reserved 1179648K
  class space    used 13176K, committed 14144K, reserved 1048576K
}
Event: 20.554 GC heap after
{Heap after GC invocations=35 (full 0):
 garbage-first heap   total 186368K, used 130048K [0x0000000080000000, 0x0000000100000000)
  region size 1024K, 7 young (7168K), 7 survivors (7168K)
 Metaspace       used 94898K, committed 96960K, reserved 1179648K
  class space    used 13176K, committed 14144K, reserved 1048576K
}
Event: 21.330 GC heap before
{Heap before GC invocations=35 (full 0):
 garbage-first heap   total 186368K, used 176128K [0x0000000080000000, 0x0000000100000000)
  region size 1024K, 45 young (46080K), 7 survivors (7168K)
 Metaspace       used 99131K, committed 101120K, reserved 1179648K
  class space    used 13658K, committed 14656K, reserved 1048576K
}
Event: 21.353 GC heap after
{Heap after GC invocations=36 (full 0):
 garbage-first heap   total 190464K, used 133642K [0x0000000080000000, 0x0000000100000000)
  region size 1024K, 4 young (4096K), 4 survivors (4096K)
 Metaspace       used 99131K, committed 101120K, reserved 1179648K
  class space    used 13658K, committed 14656K, reserved 1048576K
}
Event: 22.317 GC heap before
{Heap before GC invocations=36 (full 0):
 garbage-first heap   total 190464K, used 174602K [0x0000000080000000, 0x0000000100000000)
  region size 1024K, 44 young (45056K), 4 survivors (4096K)
 Metaspace       used 103743K, committed 105728K, reserved 1179648K
  class space    used 14079K, committed 15040K, reserved 1048576K
}
Event: 22.325 GC heap after
{Heap after GC invocations=37 (full 0):
 garbage-first heap   total 266240K, used 136912K [0x0000000080000000, 0x0000000100000000)
  region size 1024K, 3 young (3072K), 3 survivors (3072K)
 Metaspace       used 103743K, committed 105728K, reserved 1179648K
  class space    used 14079K, committed 15040K, reserved 1048576K
}
Event: 24.565 GC heap before
{Heap before GC invocations=38 (full 0):
 garbage-first heap   total 266240K, used 233168K [0x0000000080000000, 0x0000000100000000)
  region size 1024K, 98 young (100352K), 3 survivors (3072K)
 Metaspace       used 116563K, committed 118912K, reserved 1179648K
  class space    used 15704K, committed 16896K, reserved 1048576K
}
Event: 24.576 GC heap after
{Heap after GC invocations=39 (full 0):
 garbage-first heap   total 266240K, used 140156K [0x0000000080000000, 0x0000000100000000)
  region size 1024K, 8 young (8192K), 8 survivors (8192K)
 Metaspace       used 116563K, committed 118912K, reserved 1179648K
  class space    used 15704K, committed 16896K, reserved 1048576K
}
Event: 27.189 GC heap before
{Heap before GC invocations=39 (full 0):
 garbage-first heap   total 266240K, used 241532K [0x0000000080000000, 0x0000000100000000)
  region size 1024K, 107 young (109568K), 8 survivors (8192K)
 Metaspace       used 123276K, committed 125632K, reserved 1179648K
  class space    used 16440K, committed 17600K, reserved 1048576K
}
Event: 27.208 GC heap after
{Heap after GC invocations=40 (full 0):
 garbage-first heap   total 266240K, used 145194K [0x0000000080000000, 0x0000000100000000)
  region size 1024K, 14 young (14336K), 14 survivors (14336K)
 Metaspace       used 123276K, committed 125632K, reserved 1179648K
  class space    used 16440K, committed 17600K, reserved 1048576K
}
Event: 29.698 GC heap before
{Heap before GC invocations=40 (full 0):
 garbage-first heap   total 266240K, used 237354K [0x0000000080000000, 0x0000000100000000)
  region size 1024K, 105 young (107520K), 14 survivors (14336K)
 Metaspace       used 137315K, committed 139648K, reserved 1179648K
  class space    used 17787K, committed 18944K, reserved 1048576K
}
Event: 29.718 GC heap after
{Heap after GC invocations=41 (full 0):
 garbage-first heap   total 266240K, used 150285K [0x0000000080000000, 0x0000000100000000)
  region size 1024K, 12 young (12288K), 12 survivors (12288K)
 Metaspace       used 137315K, committed 139648K, reserved 1179648K
  class space    used 17787K, committed 18944K, reserved 1048576K
}

